<?xml version="1.0" encoding="UTF-8"?>
<testsuite xmlns:xsi="http://www.w3.org/2001/XMLSchema-instance" xsi:noNamespaceSchemaLocation="https://maven.apache.org/surefire/maven-surefire-plugin/xsd/surefire-test-report-3.0.xsd" version="3.0" name="TestSuite" time="30.665" tests="7" errors="0" skipped="0" failures="0">
  <properties>
[...]
</properties>
  <testcase name="runScenario[&quot;Login should pass with valid credential&quot;, &quot;Login Function Test&quot;](1)" classname="com.runner.Runner" time="7.536">
    <system-out><![CDATA[
@Smoke @Functional @Regression @Positive @STC-25
Scenario: Login should pass with valid credential                     # ./src/main/resources/Login.feature:8
  ✔ Given Open browser                                                # com.cucumber.bdd.login.StefDef.open_browser()
  ✔ And Go to application                                             # com.cucumber.bdd.login.StefDef.go_to_application()
  ✔ When Enter valid username                                         # com.cucumber.bdd.login.StefDef.enter_valid_username()
  ✔ And Enter valid password                                          # com.cucumber.bdd.login.StefDef.enter_valid_password()
  ✔ And Click login button                                            # com.cucumber.bdd.login.StefDef.click_login_button()
Logout button there or not = true
  ✔ Then Login status should pass and logout option should be visible # com.cucumber.bdd.login.StefDef.login_status_should_pass_and_logout_option_should_be_visible()
]]></system-out>
    <system-err><![CDATA[SLF4J(W): No SLF4J providers were found.
SLF4J(W): Defaulting to no-operation (NOP) logger implementation
SLF4J(W): See https://www.slf4j.org/codes.html#noProviders for further details.
]]></system-err>
  </testcase>
  <testcase name="runScenario[&quot;Login function with valid user and wrong password&quot;, &quot;Login Function Test&quot;](2)" classname="com.runner.Runner" time="3.911">
    <system-out><![CDATA[
@Smoke @Functional @Regression @Negative @STC-16
Scenario: Login function with valid user and wrong password # ./src/main/resources/Login.feature:15
  ✔ Given Open browser                                      # com.cucumber.bdd.login.StefDef.open_browser()
  ✔ And Go to application                                   # com.cucumber.bdd.login.StefDef.go_to_application()
  ✔ When Enter valid username                               # com.cucumber.bdd.login.StefDef.enter_valid_username()
  ✔ And Enter invalid password                              # com.cucumber.bdd.login.StefDef.enter_invalid_password()
  ✔ And Click login button                                  # com.cucumber.bdd.login.StefDef.click_login_button()
  ✔ Then Login status should fail                           # com.cucumber.bdd.login.StefDef.login_status_should_fail()
]]></system-out>
  </testcase>
  <testcase name="runScenario[&quot;Login should fail with invalid credential&quot;, &quot;Login Function Test&quot;](3)" classname="com.runner.Runner" time="3.591">
    <system-out><![CDATA[
@Smoke @Functional @Regression @Negative @STC-27
Scenario: Login should fail with invalid credential # ./src/main/resources/Login.feature:22
  ✔ Given Open browser                              # com.cucumber.bdd.login.StefDef.open_browser()
  ✔ And Go to application                           # com.cucumber.bdd.login.StefDef.go_to_application()
  ✔ When Enter invalid username                     # com.cucumber.bdd.login.StefDef.enter_invalid_username()
  ✔ And Enter invalid password                      # com.cucumber.bdd.login.StefDef.enter_invalid_password()
  ✔ And Click login button                          # com.cucumber.bdd.login.StefDef.click_login_button()
  ✔ Then Login status should fail                   # com.cucumber.bdd.login.StefDef.login_status_should_fail()
]]></system-out>
  </testcase>
  <testcase name="runScenario[&quot;Login should fail with invalid user and valid password&quot;, &quot;Login Function Test&quot;](4)" classname="com.runner.Runner" time="3.558">
    <system-out><![CDATA[
@Smoke @Functional @Regression @Negative @STC-29
Scenario: Login should fail with invalid user and valid password # ./src/main/resources/Login.feature:29
  ✔ Given Open browser                                           # com.cucumber.bdd.login.StefDef.open_browser()
  ✔ And Go to application                                        # com.cucumber.bdd.login.StefDef.go_to_application()
  ✔ When Enter invalid username                                  # com.cucumber.bdd.login.StefDef.enter_invalid_username()
  ✔ And Enter valid password                                     # com.cucumber.bdd.login.StefDef.enter_valid_password()
  ✔ And Click login button                                       # com.cucumber.bdd.login.StefDef.click_login_button()
  ✔ Then Login status should fail                                # com.cucumber.bdd.login.StefDef.login_status_should_fail()
]]></system-out>
  </testcase>
  <testcase name="runScenario[&quot;Login should fail with empty user and password&quot;, &quot;Login Function Test&quot;](5)" classname="com.runner.Runner" time="2.833">
    <system-out><![CDATA[
@Smoke @Functional @Regression @Negative @STC-32
Scenario: Login should fail with empty user and password # ./src/main/resources/Login.feature:36
  ✔ Given Open browser                                   # com.cucumber.bdd.login.StefDef.open_browser()
  ✔ And Go to application                                # com.cucumber.bdd.login.StefDef.go_to_application()
  ✔ When Enter null username                             # com.cucumber.bdd.login.StefDef.enter_null_username()
  ✔ And Enter null password                              # com.cucumber.bdd.login.StefDef.enter_null_password()
  ✔ And Click login button                               # com.cucumber.bdd.login.StefDef.click_login_button()
  ✔ Then Login status should fail                        # com.cucumber.bdd.login.StefDef.login_status_should_fail()
]]></system-out>
  </testcase>
  <testcase name="runScenario[&quot;Login should fail with valid user and empty password&quot;, &quot;Login Function Test&quot;](6)" classname="com.runner.Runner" time="3.001">
    <system-out><![CDATA[
@Smoke @Functional @Regression @Negative @STC-34
Scenario: Login should fail with valid user and empty password # ./src/main/resources/Login.feature:43
  ✔ Given Open browser                                         # com.cucumber.bdd.login.StefDef.open_browser()
  ✔ And Go to application                                      # com.cucumber.bdd.login.StefDef.go_to_application()
  ✔ When Enter valid username                                  # com.cucumber.bdd.login.StefDef.enter_valid_username()
  ✔ And Enter empty password                                   # com.cucumber.bdd.login.StefDef.enter_empty_password()
  ✔ And Click login button                                     # com.cucumber.bdd.login.StefDef.click_login_button()
Logout button not there = true
  ✔ Then Login status should fail                              # com.cucumber.bdd.login.StefDef.login_status_should_fail()
]]></system-out>
  </testcase>
  <testcase name="runScenario[&quot;Login should fail with wrong user and valid password&quot;, &quot;Login Function Test&quot;](7)" classname="com.runner.Runner" time="3.114">
    <system-out><![CDATA[
@Smoke @Functional @Regression @Negative @STC-37
Scenario: Login should fail with wrong user and valid password # ./src/main/resources/Login.feature:50
  ✔ Given Open browser                                         # com.cucumber.bdd.login.StefDef.open_browser()
  ✔ And Go to application                                      # com.cucumber.bdd.login.StefDef.go_to_application()
  ✔ When Enter invalid username                                # com.cucumber.bdd.login.StefDef.enter_invalid_username()
  ✔ And Enter valid password                                   # com.cucumber.bdd.login.StefDef.enter_valid_password()
  ✔ And Click login button                                     # com.cucumber.bdd.login.StefDef.click_login_button()
  ✔ Then Login status should fail                              # com.cucumber.bdd.login.StefDef.login_status_should_fail()
]]></system-out>
  </testcase>
</testsuite>