<?xml version="1.0" encoding="UTF-8"?>
<!-- Generated by org.testng.reporters.JUnitReportReporter -->
<testsuite hostname="DESKTOP-5R1N9NA" failures="0" tests="7" name="com.runner.Runner" time="32.620" errors="0" timestamp="2025-11-11T00:39:59 EST" skipped="0">
  <testcase classname="com.runner.Runner" name="runScenario" time="3.335"/>
  <testcase classname="com.runner.Runner" name="runScenario" time="3.361"/>
  <testcase classname="com.runner.Runner" name="runScenario" time="10.953"/>
  <testcase classname="com.runner.Runner" name="runScenario" time="3.510"/>
  <testcase classname="com.runner.Runner" name="runScenario" time="3.929"/>
  <testcase classname="com.runner.Runner" name="runScenario" time="3.577"/>
  <testcase classname="com.runner.Runner" name="runScenario" time="3.955"/>
</testsuite> <!-- com.runner.Runner -->
