<?xml version="1.0" encoding="UTF-8"?>
<!-- Generated by org.testng.reporters.JUnitReportReporter -->
<testsuite hostname="DESKTOP-5R1N9NA" failures="0" tests="7" name="com.runner.Runner" time="27.540" errors="0" timestamp="2025-11-11T00:42:34 EST" skipped="0">
  <testcase classname="com.runner.Runner" name="runScenario" time="3.000"/>
  <testcase classname="com.runner.Runner" name="runScenario" time="3.598"/>
  <testcase classname="com.runner.Runner" name="runScenario" time="3.557"/>
  <testcase classname="com.runner.Runner" name="runScenario" time="2.832"/>
  <testcase classname="com.runner.Runner" name="runScenario" time="3.907"/>
  <testcase classname="com.runner.Runner" name="runScenario" time="3.114"/>
  <testcase classname="com.runner.Runner" name="runScenario" time="7.532"/>
</testsuite> <!-- com.runner.Runner -->
